astunparse==1.6.3
attrs==20.3.0
autopep8==1.5.4
colorama==0.4.4
docopt==0.6.2
fastdiff==0.2.0
flake8==3.8.4
hunter==3.3.1
iniconfig==1.1.1
manhole==1.6.0
mccabe==0.6.1
packaging==20.4
pathtools==0.1.2
pip==20.2.1
pluggy==0.13.1
py==1.9.0
pycodestyle==2.6.0
pyflakes==2.2.0
pyparsing==2.4.7
pytest==6.1.2
pytest-watch==4.2.0
rope==0.18.0
setuptools==49.2.1
six==1.15.0
snapshottest==0.6.0
termcolor==1.1.0
toml==0.10.2
wasmer==0.4.1
watchdog==0.10.4
wheel==0.35.1
astunparse==1.6.3
attrs==20.3.0
autopep8==1.5.4
colorama==0.4.4
docopt==0.6.2
fastdiff==0.2.0
flake8==3.8.4
hunter==3.3.1
iniconfig==1.1.1
manhole==1.6.0
mccabe==0.6.1
packaging==20.4
pathtools==0.1.2
pip==20.2.1
pluggy==0.13.1
py==1.9.0
pycodestyle==2.6.0
pyflakes==2.2.0
pyparsing==2.4.7
pytest==6.1.2
pytest-watch==4.2.0
rope==0.18.0
setuptools==49.2.1
six==1.15.0
snapshottest==0.6.0
termcolor==1.1.0
toml==0.10.2
wasmer==0.4.1
watchdog==0.10.4
wheel==0.35.1
astunparse==1.6.3
attrs==20.3.0
autopep8==1.5.4
colorama==0.4.4
docopt==0.6.2
fastdiff==0.2.0
flake8==3.8.4
hunter==3.3.1
iniconfig==1.1.1
manhole==1.6.0
mccabe==0.6.1
packaging==20.4
pathtools==0.1.2
pip==20.2.1
pluggy==0.13.1
py==1.9.0
pycodestyle==2.6.0
pyflakes==2.2.0
pyparsing==2.4.7
pytest==6.1.2
pytest-watch==4.2.0
rope==0.18.0
setuptools==49.2.1
six==1.15.0
snapshottest==0.6.0
termcolor==1.1.0
toml==0.10.2
wasmer==0.4.1
watchdog==0.10.4
wheel==0.35.1
